<?xml version="1.0" encoding="UTF-8"?>
<testsuite xmlns:xsi="http://www.w3.org/2001/XMLSchema-instance" xsi:noNamespaceSchemaLocation="https://maven.apache.org/surefire/maven-surefire-plugin/xsd/surefire-test-report.xsd" name="edu.westga.devops.a4.test.view.main_window.TestMainWindow" time="11.139" tests="5" errors="1" skipped="0" failures="0">
  <properties>
[...]
</properties>
  <testcase name="testRemoveSelectedItem" classname="edu.westga.devops.a4.test.view.main_window.TestMainWindow" time="4.112"/>
  <testcase name="testAddValidItem" classname="edu.westga.devops.a4.test.view.main_window.TestMainWindow" time="1.513"/>
  <testcase name="testChangeQuantity_Positive" classname="edu.westga.devops.a4.test.view.main_window.TestMainWindow" time="2.197">
    <error message="the query &quot;Apples&quot; returned no nodes." type="org.testfx.api.FxRobotException">org.testfx.api.FxRobotException: the query "Apples" returned no nodes.
	at edu.westga.devops.a4.test.view.main_window.TestMainWindow.testChangeQuantity_Positive(TestMainWindow.java:85)
</error>
    <system-err><![CDATA[May 01, 2025 3:56:14 AM javafx.fxml.FXMLLoader$ValueElement processValue
WARNING: Loading FXML document with JavaFX API of version 23.0.1 by JavaFX runtime of version 15.0.1
]]></system-err>
  </testcase>
  <testcase name="testRemoveWithoutSelection_ShowsError" classname="edu.westga.devops.a4.test.view.main_window.TestMainWindow" time="2.092"/>
  <testcase name="testAddInvalidItem_ShowsError" classname="edu.westga.devops.a4.test.view.main_window.TestMainWindow" time="1.166"/>
</testsuite>